00:00:04.329258 VirtualBox VM 6.1.30 r148432 win.amd64 (Nov 22 2021 15:15:30) release log
00:00:04.329291 Log opened 2021-12-03T18:52:15.848976800Z
00:00:04.329292 Build Type: release
00:00:04.329299 OS Product: Windows 10
00:00:04.329303 OS Release: 10.0.19043
00:00:04.329304 OS Service Pack: 
00:00:04.437435 DMI Product Name: 20TJS4EA00
00:00:04.442229 DMI Product Version: ThinkPad P1 Gen 3
00:00:04.442240 Firmware type: UEFI
00:00:04.442640 Secure Boot: VERR_PRIVILEGE_NOT_HELD
00:00:04.442654 Host RAM: 16135MB (15.7GB) total, 8843MB (8.6GB) available
00:00:04.442658 Executable: C:\Program Files\Oracle\VirtualBox\VirtualBoxVM.exe
00:00:04.442659 Process ID: 4756
00:00:04.442659 Package type: WINDOWS_64BITS_GENERIC
00:00:04.443490 Installed Extension Packs:
00:00:04.443505   None installed!
00:00:04.444186 Console: Machine state changed to 'Starting'
00:00:04.444415 Qt version: 5.6.2
00:00:04.445687 Console: Machine state changed to 'PoweredOff'
00:00:04.446462 GUI: UIMediumEnumerator: Medium-enumeration finished!
00:00:04.449031 Power up failed (vrc=VINF_SUCCESS, rc=E_FAIL (0X80004005))
00:00:04.949887 GUI: UIMachineViewNormal::resendSizeHint: Restoring guest size-hint for screen 0 to 800x600
00:00:04.949956 ERROR [COM]: aRC=E_ACCESSDENIED (0x80070005) aIID={4680b2de-8690-11e9-b83d-5719e53cf1de} aComponent={DisplayWrap} aText={The console is not powered up (Display::setVideoModeHint)}, preserve=false aResultDetail=0
00:00:04.950282 GUI: Aborting startup due to power up progress issue detected...
